[19-Jul-2017 23:01:49 UTC] PHP Notice:  Undefined variable: sb_instagram_follow_btn_position in /home/ubuntu/workspace/wp-content/plugins/instagram-feed/instagram-feed-admin.php on line 586
[19-Jul-2017 23:01:49 UTC] PHP Stack trace:
[19-Jul-2017 23:01:49 UTC] PHP   1. {main}() /home/ubuntu/workspace/wp-admin/admin.php:0
[19-Jul-2017 23:01:49 UTC] PHP   2. do_action() /home/ubuntu/workspace/wp-admin/admin.php:222
[19-Jul-2017 23:01:49 UTC] PHP   3. WP_Hook->do_action() /home/ubuntu/workspace/wp-includes/plugin.php:453
[19-Jul-2017 23:01:49 UTC] PHP   4. WP_Hook->apply_filters() /home/ubuntu/workspace/wp-includes/class-wp-hook.php:323
[19-Jul-2017 23:01:49 UTC] PHP   5. call_user_func_array:{/home/ubuntu/workspace/wp-includes/class-wp-hook.php:298}() /home/ubuntu/workspace/wp-includes/class-wp-hook.php:298
[19-Jul-2017 23:01:49 UTC] PHP   6. sb_instagram_settings_page() /home/ubuntu/workspace/wp-includes/class-wp-hook.php:298
[19-Jul-2017 23:01:49 UTC] PHP Notice:  Undefined variable: sb_instagram_follow_btn_position in /home/ubuntu/workspace/wp-content/plugins/instagram-feed/instagram-feed-admin.php on line 587
[19-Jul-2017 23:01:49 UTC] PHP Stack trace:
[19-Jul-2017 23:01:49 UTC] PHP   1. {main}() /home/ubuntu/workspace/wp-admin/admin.php:0
[19-Jul-2017 23:01:49 UTC] PHP   2. do_action() /home/ubuntu/workspace/wp-admin/admin.php:222
[19-Jul-2017 23:01:49 UTC] PHP   3. WP_Hook->do_action() /home/ubuntu/workspace/wp-includes/plugin.php:453
[19-Jul-2017 23:01:49 UTC] PHP   4. WP_Hook->apply_filters() /home/ubuntu/workspace/wp-includes/class-wp-hook.php:323
[19-Jul-2017 23:01:49 UTC] PHP   5. call_user_func_array:{/home/ubuntu/workspace/wp-includes/class-wp-hook.php:298}() /home/ubuntu/workspace/wp-includes/class-wp-hook.php:298
[19-Jul-2017 23:01:49 UTC] PHP   6. sb_instagram_settings_page() /home/ubuntu/workspace/wp-includes/class-wp-hook.php:298
[19-Jul-2017 23:03:02 UTC] PHP Notice:  Undefined variable: sb_instagram_follow_btn_position in /home/ubuntu/workspace/wp-content/plugins/instagram-feed/instagram-feed-admin.php on line 586
[19-Jul-2017 23:03:02 UTC] PHP Stack trace:
[19-Jul-2017 23:03:02 UTC] PHP   1. {main}() /home/ubuntu/workspace/wp-admin/admin.php:0
[19-Jul-2017 23:03:02 UTC] PHP   2. do_action() /home/ubuntu/workspace/wp-admin/admin.php:222
[19-Jul-2017 23:03:02 UTC] PHP   3. WP_Hook->do_action() /home/ubuntu/workspace/wp-includes/plugin.php:453
[19-Jul-2017 23:03:02 UTC] PHP   4. WP_Hook->apply_filters() /home/ubuntu/workspace/wp-includes/class-wp-hook.php:323
[19-Jul-2017 23:03:02 UTC] PHP   5. call_user_func_array:{/home/ubuntu/workspace/wp-includes/class-wp-hook.php:298}() /home/ubuntu/workspace/wp-includes/class-wp-hook.php:298
[19-Jul-2017 23:03:02 UTC] PHP   6. sb_instagram_settings_page() /home/ubuntu/workspace/wp-includes/class-wp-hook.php:298
[19-Jul-2017 23:03:02 UTC] PHP Notice:  Undefined variable: sb_instagram_follow_btn_position in /home/ubuntu/workspace/wp-content/plugins/instagram-feed/instagram-feed-admin.php on line 587
[19-Jul-2017 23:03:02 UTC] PHP Stack trace:
[19-Jul-2017 23:03:02 UTC] PHP   1. {main}() /home/ubuntu/workspace/wp-admin/admin.php:0
[19-Jul-2017 23:03:02 UTC] PHP   2. do_action() /home/ubuntu/workspace/wp-admin/admin.php:222
[19-Jul-2017 23:03:02 UTC] PHP   3. WP_Hook->do_action() /home/ubuntu/workspace/wp-includes/plugin.php:453
[19-Jul-2017 23:03:02 UTC] PHP   4. WP_Hook->apply_filters() /home/ubuntu/workspace/wp-includes/class-wp-hook.php:323
[19-Jul-2017 23:03:02 UTC] PHP   5. call_user_func_array:{/home/ubuntu/workspace/wp-includes/class-wp-hook.php:298}() /home/ubuntu/workspace/wp-includes/class-wp-hook.php:298
[19-Jul-2017 23:03:02 UTC] PHP   6. sb_instagram_settings_page() /home/ubuntu/workspace/wp-includes/class-wp-hook.php:298
[19-Jul-2017 23:21:17 UTC] PHP Notice:  Undefined variable: sb_instagram_follow_btn_position in /home/ubuntu/workspace/wp-content/plugins/instagram-feed/instagram-feed-admin.php on line 586
[19-Jul-2017 23:21:17 UTC] PHP Stack trace:
[19-Jul-2017 23:21:17 UTC] PHP   1. {main}() /home/ubuntu/workspace/wp-admin/admin.php:0
[19-Jul-2017 23:21:17 UTC] PHP   2. do_action() /home/ubuntu/workspace/wp-admin/admin.php:222
[19-Jul-2017 23:21:17 UTC] PHP   3. WP_Hook->do_action() /home/ubuntu/workspace/wp-includes/plugin.php:453
[19-Jul-2017 23:21:17 UTC] PHP   4. WP_Hook->apply_filters() /home/ubuntu/workspace/wp-includes/class-wp-hook.php:323
[19-Jul-2017 23:21:17 UTC] PHP   5. call_user_func_array:{/home/ubuntu/workspace/wp-includes/class-wp-hook.php:298}() /home/ubuntu/workspace/wp-includes/class-wp-hook.php:298
[19-Jul-2017 23:21:17 UTC] PHP   6. sb_instagram_settings_page() /home/ubuntu/workspace/wp-includes/class-wp-hook.php:298
[19-Jul-2017 23:21:17 UTC] PHP Notice:  Undefined variable: sb_instagram_follow_btn_position in /home/ubuntu/workspace/wp-content/plugins/instagram-feed/instagram-feed-admin.php on line 587
[19-Jul-2017 23:21:17 UTC] PHP Stack trace:
[19-Jul-2017 23:21:17 UTC] PHP   1. {main}() /home/ubuntu/workspace/wp-admin/admin.php:0
[19-Jul-2017 23:21:17 UTC] PHP   2. do_action() /home/ubuntu/workspace/wp-admin/admin.php:222
[19-Jul-2017 23:21:17 UTC] PHP   3. WP_Hook->do_action() /home/ubuntu/workspace/wp-includes/plugin.php:453
[19-Jul-2017 23:21:17 UTC] PHP   4. WP_Hook->apply_filters() /home/ubuntu/workspace/wp-includes/class-wp-hook.php:323
[19-Jul-2017 23:21:17 UTC] PHP   5. call_user_func_array:{/home/ubuntu/workspace/wp-includes/class-wp-hook.php:298}() /home/ubuntu/workspace/wp-includes/class-wp-hook.php:298
[19-Jul-2017 23:21:17 UTC] PHP   6. sb_instagram_settings_page() /home/ubuntu/workspace/wp-includes/class-wp-hook.php:298
[19-Jul-2017 23:22:02 UTC] PHP Notice:  Undefined variable: sb_instagram_follow_btn_position in /home/ubuntu/workspace/wp-content/plugins/instagram-feed/instagram-feed-admin.php on line 586
[19-Jul-2017 23:22:02 UTC] PHP Stack trace:
[19-Jul-2017 23:22:02 UTC] PHP   1. {main}() /home/ubuntu/workspace/wp-admin/admin.php:0
[19-Jul-2017 23:22:02 UTC] PHP   2. do_action() /home/ubuntu/workspace/wp-admin/admin.php:222
[19-Jul-2017 23:22:02 UTC] PHP   3. WP_Hook->do_action() /home/ubuntu/workspace/wp-includes/plugin.php:453
[19-Jul-2017 23:22:02 UTC] PHP   4. WP_Hook->apply_filters() /home/ubuntu/workspace/wp-includes/class-wp-hook.php:323
[19-Jul-2017 23:22:02 UTC] PHP   5. call_user_func_array:{/home/ubuntu/workspace/wp-includes/class-wp-hook.php:298}() /home/ubuntu/workspace/wp-includes/class-wp-hook.php:298
[19-Jul-2017 23:22:02 UTC] PHP   6. sb_instagram_settings_page() /home/ubuntu/workspace/wp-includes/class-wp-hook.php:298
[19-Jul-2017 23:22:02 UTC] PHP Notice:  Undefined variable: sb_instagram_follow_btn_position in /home/ubuntu/workspace/wp-content/plugins/instagram-feed/instagram-feed-admin.php on line 587
[19-Jul-2017 23:22:02 UTC] PHP Stack trace:
[19-Jul-2017 23:22:02 UTC] PHP   1. {main}() /home/ubuntu/workspace/wp-admin/admin.php:0
[19-Jul-2017 23:22:02 UTC] PHP   2. do_action() /home/ubuntu/workspace/wp-admin/admin.php:222
[19-Jul-2017 23:22:02 UTC] PHP   3. WP_Hook->do_action() /home/ubuntu/workspace/wp-includes/plugin.php:453
[19-Jul-2017 23:22:02 UTC] PHP   4. WP_Hook->apply_filters() /home/ubuntu/workspace/wp-includes/class-wp-hook.php:323
[19-Jul-2017 23:22:02 UTC] PHP   5. call_user_func_array:{/home/ubuntu/workspace/wp-includes/class-wp-hook.php:298}() /home/ubuntu/workspace/wp-includes/class-wp-hook.php:298
[19-Jul-2017 23:22:02 UTC] PHP   6. sb_instagram_settings_page() /home/ubuntu/workspace/wp-includes/class-wp-hook.php:298
[19-Jul-2017 23:37:04 UTC] PHP Notice:  Undefined variable: sb_instagram_follow_btn_position in /home/ubuntu/workspace/wp-content/plugins/instagram-feed/instagram-feed-admin.php on line 586
[19-Jul-2017 23:37:04 UTC] PHP Stack trace:
[19-Jul-2017 23:37:04 UTC] PHP   1. {main}() /home/ubuntu/workspace/wp-admin/admin.php:0
[19-Jul-2017 23:37:04 UTC] PHP   2. do_action() /home/ubuntu/workspace/wp-admin/admin.php:222
[19-Jul-2017 23:37:04 UTC] PHP   3. WP_Hook->do_action() /home/ubuntu/workspace/wp-includes/plugin.php:453
[19-Jul-2017 23:37:04 UTC] PHP   4. WP_Hook->apply_filters() /home/ubuntu/workspace/wp-includes/class-wp-hook.php:323
[19-Jul-2017 23:37:04 UTC] PHP   5. call_user_func_array:{/home/ubuntu/workspace/wp-includes/class-wp-hook.php:298}() /home/ubuntu/workspace/wp-includes/class-wp-hook.php:298
[19-Jul-2017 23:37:04 UTC] PHP   6. sb_instagram_settings_page() /home/ubuntu/workspace/wp-includes/class-wp-hook.php:298
[19-Jul-2017 23:37:04 UTC] PHP Notice:  Undefined variable: sb_instagram_follow_btn_position in /home/ubuntu/workspace/wp-content/plugins/instagram-feed/instagram-feed-admin.php on line 587
[19-Jul-2017 23:37:04 UTC] PHP Stack trace:
[19-Jul-2017 23:37:04 UTC] PHP   1. {main}() /home/ubuntu/workspace/wp-admin/admin.php:0
[19-Jul-2017 23:37:04 UTC] PHP   2. do_action() /home/ubuntu/workspace/wp-admin/admin.php:222
[19-Jul-2017 23:37:04 UTC] PHP   3. WP_Hook->do_action() /home/ubuntu/workspace/wp-includes/plugin.php:453
[19-Jul-2017 23:37:04 UTC] PHP   4. WP_Hook->apply_filters() /home/ubuntu/workspace/wp-includes/class-wp-hook.php:323
[19-Jul-2017 23:37:04 UTC] PHP   5. call_user_func_array:{/home/ubuntu/workspace/wp-includes/class-wp-hook.php:298}() /home/ubuntu/workspace/wp-includes/class-wp-hook.php:298
[19-Jul-2017 23:37:04 UTC] PHP   6. sb_instagram_settings_page() /home/ubuntu/workspace/wp-includes/class-wp-hook.php:298
[19-Jul-2017 23:41:32 UTC] PHP Notice:  Undefined variable: sb_instagram_follow_btn_position in /home/ubuntu/workspace/wp-content/plugins/instagram-feed/instagram-feed-admin.php on line 586
[19-Jul-2017 23:41:32 UTC] PHP Stack trace:
[19-Jul-2017 23:41:32 UTC] PHP   1. {main}() /home/ubuntu/workspace/wp-admin/admin.php:0
[19-Jul-2017 23:41:32 UTC] PHP   2. do_action() /home/ubuntu/workspace/wp-admin/admin.php:222
[19-Jul-2017 23:41:32 UTC] PHP   3. WP_Hook->do_action() /home/ubuntu/workspace/wp-includes/plugin.php:453
[19-Jul-2017 23:41:32 UTC] PHP   4. WP_Hook->apply_filters() /home/ubuntu/workspace/wp-includes/class-wp-hook.php:323
[19-Jul-2017 23:41:32 UTC] PHP   5. call_user_func_array:{/home/ubuntu/workspace/wp-includes/class-wp-hook.php:298}() /home/ubuntu/workspace/wp-includes/class-wp-hook.php:298
[19-Jul-2017 23:41:32 UTC] PHP   6. sb_instagram_settings_page() /home/ubuntu/workspace/wp-includes/class-wp-hook.php:298
[19-Jul-2017 23:41:32 UTC] PHP Notice:  Undefined variable: sb_instagram_follow_btn_position in /home/ubuntu/workspace/wp-content/plugins/instagram-feed/instagram-feed-admin.php on line 587
[19-Jul-2017 23:41:32 UTC] PHP Stack trace:
[19-Jul-2017 23:41:32 UTC] PHP   1. {main}() /home/ubuntu/workspace/wp-admin/admin.php:0
[19-Jul-2017 23:41:32 UTC] PHP   2. do_action() /home/ubuntu/workspace/wp-admin/admin.php:222
[19-Jul-2017 23:41:32 UTC] PHP   3. WP_Hook->do_action() /home/ubuntu/workspace/wp-includes/plugin.php:453
[19-Jul-2017 23:41:32 UTC] PHP   4. WP_Hook->apply_filters() /home/ubuntu/workspace/wp-includes/class-wp-hook.php:323
[19-Jul-2017 23:41:32 UTC] PHP   5. call_user_func_array:{/home/ubuntu/workspace/wp-includes/class-wp-hook.php:298}() /home/ubuntu/workspace/wp-includes/class-wp-hook.php:298
[19-Jul-2017 23:41:32 UTC] PHP   6. sb_instagram_settings_page() /home/ubuntu/workspace/wp-includes/class-wp-hook.php:298
[19-Jul-2017 23:42:00 UTC] PHP Notice:  Undefined variable: sb_instagram_follow_btn_position in /home/ubuntu/workspace/wp-content/plugins/instagram-feed/instagram-feed-admin.php on line 586
[19-Jul-2017 23:42:00 UTC] PHP Stack trace:
[19-Jul-2017 23:42:00 UTC] PHP   1. {main}() /home/ubuntu/workspace/wp-admin/admin.php:0
[19-Jul-2017 23:42:00 UTC] PHP   2. do_action() /home/ubuntu/workspace/wp-admin/admin.php:222
[19-Jul-2017 23:42:00 UTC] PHP   3. WP_Hook->do_action() /home/ubuntu/workspace/wp-includes/plugin.php:453
[19-Jul-2017 23:42:00 UTC] PHP   4. WP_Hook->apply_filters() /home/ubuntu/workspace/wp-includes/class-wp-hook.php:323
[19-Jul-2017 23:42:00 UTC] PHP   5. call_user_func_array:{/home/ubuntu/workspace/wp-includes/class-wp-hook.php:298}() /home/ubuntu/workspace/wp-includes/class-wp-hook.php:298
[19-Jul-2017 23:42:00 UTC] PHP   6. sb_instagram_settings_page() /home/ubuntu/workspace/wp-includes/class-wp-hook.php:298
[19-Jul-2017 23:42:00 UTC] PHP Notice:  Undefined variable: sb_instagram_follow_btn_position in /home/ubuntu/workspace/wp-content/plugins/instagram-feed/instagram-feed-admin.php on line 587
[19-Jul-2017 23:42:00 UTC] PHP Stack trace:
[19-Jul-2017 23:42:00 UTC] PHP   1. {main}() /home/ubuntu/workspace/wp-admin/admin.php:0
[19-Jul-2017 23:42:00 UTC] PHP   2. do_action() /home/ubuntu/workspace/wp-admin/admin.php:222
[19-Jul-2017 23:42:00 UTC] PHP   3. WP_Hook->do_action() /home/ubuntu/workspace/wp-includes/plugin.php:453
[19-Jul-2017 23:42:00 UTC] PHP   4. WP_Hook->apply_filters() /home/ubuntu/workspace/wp-includes/class-wp-hook.php:323
[19-Jul-2017 23:42:00 UTC] PHP   5. call_user_func_array:{/home/ubuntu/workspace/wp-includes/class-wp-hook.php:298}() /home/ubuntu/workspace/wp-includes/class-wp-hook.php:298
[19-Jul-2017 23:42:00 UTC] PHP   6. sb_instagram_settings_page() /home/ubuntu/workspace/wp-includes/class-wp-hook.php:298
[19-Jul-2017 23:42:00 UTC] PHP Notice:  Undefined variable: sb_instagram_follow_btn_position in /home/ubuntu/workspace/wp-content/plugins/instagram-feed/instagram-feed-admin.php on line 586
[19-Jul-2017 23:42:00 UTC] PHP Stack trace:
[19-Jul-2017 23:42:00 UTC] PHP   1. {main}() /home/ubuntu/workspace/wp-admin/admin.php:0
[19-Jul-2017 23:42:00 UTC] PHP   2. do_action() /home/ubuntu/workspace/wp-admin/admin.php:222
[19-Jul-2017 23:42:00 UTC] PHP   3. WP_Hook->do_action() /home/ubuntu/workspace/wp-includes/plugin.php:453
[19-Jul-2017 23:42:00 UTC] PHP   4. WP_Hook->apply_filters() /home/ubuntu/workspace/wp-includes/class-wp-hook.php:323
[19-Jul-2017 23:42:00 UTC] PHP   5. call_user_func_array:{/home/ubuntu/workspace/wp-includes/class-wp-hook.php:298}() /home/ubuntu/workspace/wp-includes/class-wp-hook.php:298
[19-Jul-2017 23:42:00 UTC] PHP   6. sb_instagram_settings_page() /home/ubuntu/workspace/wp-includes/class-wp-hook.php:298
[19-Jul-2017 23:42:00 UTC] PHP Notice:  Undefined variable: sb_instagram_follow_btn_position in /home/ubuntu/workspace/wp-content/plugins/instagram-feed/instagram-feed-admin.php on line 587
[19-Jul-2017 23:42:00 UTC] PHP Stack trace:
[19-Jul-2017 23:42:00 UTC] PHP   1. {main}() /home/ubuntu/workspace/wp-admin/admin.php:0
[19-Jul-2017 23:42:00 UTC] PHP   2. do_action() /home/ubuntu/workspace/wp-admin/admin.php:222
[19-Jul-2017 23:42:00 UTC] PHP   3. WP_Hook->do_action() /home/ubuntu/workspace/wp-includes/plugin.php:453
[19-Jul-2017 23:42:00 UTC] PHP   4. WP_Hook->apply_filters() /home/ubuntu/workspace/wp-includes/class-wp-hook.php:323
[19-Jul-2017 23:42:00 UTC] PHP   5. call_user_func_array:{/home/ubuntu/workspace/wp-includes/class-wp-hook.php:298}() /home/ubuntu/workspace/wp-includes/class-wp-hook.php:298
[19-Jul-2017 23:42:00 UTC] PHP   6. sb_instagram_settings_page() /home/ubuntu/workspace/wp-includes/class-wp-hook.php:298
[20-Jul-2017 00:58:29 UTC] PHP Notice:  Undefined variable: sb_instagram_follow_btn_position in /home/ubuntu/workspace/wp-content/plugins/instagram-feed/instagram-feed-admin.php on line 586
[20-Jul-2017 00:58:29 UTC] PHP Stack trace:
[20-Jul-2017 00:58:29 UTC] PHP   1. {main}() /home/ubuntu/workspace/wp-admin/admin.php:0
[20-Jul-2017 00:58:29 UTC] PHP   2. do_action() /home/ubuntu/workspace/wp-admin/admin.php:222
[20-Jul-2017 00:58:29 UTC] PHP   3. WP_Hook->do_action() /home/ubuntu/workspace/wp-includes/plugin.php:453
[20-Jul-2017 00:58:29 UTC] PHP   4. WP_Hook->apply_filters() /home/ubuntu/workspace/wp-includes/class-wp-hook.php:323
[20-Jul-2017 00:58:29 UTC] PHP   5. call_user_func_array:{/home/ubuntu/workspace/wp-includes/class-wp-hook.php:298}() /home/ubuntu/workspace/wp-includes/class-wp-hook.php:298
[20-Jul-2017 00:58:29 UTC] PHP   6. sb_instagram_settings_page() /home/ubuntu/workspace/wp-includes/class-wp-hook.php:298
[20-Jul-2017 00:58:29 UTC] PHP Notice:  Undefined variable: sb_instagram_follow_btn_position in /home/ubuntu/workspace/wp-content/plugins/instagram-feed/instagram-feed-admin.php on line 587
[20-Jul-2017 00:58:29 UTC] PHP Stack trace:
[20-Jul-2017 00:58:29 UTC] PHP   1. {main}() /home/ubuntu/workspace/wp-admin/admin.php:0
[20-Jul-2017 00:58:29 UTC] PHP   2. do_action() /home/ubuntu/workspace/wp-admin/admin.php:222
[20-Jul-2017 00:58:29 UTC] PHP   3. WP_Hook->do_action() /home/ubuntu/workspace/wp-includes/plugin.php:453
[20-Jul-2017 00:58:29 UTC] PHP   4. WP_Hook->apply_filters() /home/ubuntu/workspace/wp-includes/class-wp-hook.php:323
[20-Jul-2017 00:58:29 UTC] PHP   5. call_user_func_array:{/home/ubuntu/workspace/wp-includes/class-wp-hook.php:298}() /home/ubuntu/workspace/wp-includes/class-wp-hook.php:298
[20-Jul-2017 00:58:29 UTC] PHP   6. sb_instagram_settings_page() /home/ubuntu/workspace/wp-includes/class-wp-hook.php:298
[26-Jul-2017 23:37:48 UTC] PHP Notice:  Undefined index: thumb_pin_color in /home/ubuntu/workspace/wp-content/plugins/google-maps-widget/gmw-widget.php on line 387
[26-Jul-2017 23:37:48 UTC] PHP Stack trace:
[26-Jul-2017 23:37:48 UTC] PHP   1. {main}() /home/ubuntu/workspace/wp-admin/admin-ajax.php:0
[26-Jul-2017 23:37:48 UTC] PHP   2. do_action() /home/ubuntu/workspace/wp-admin/admin-ajax.php:91
[26-Jul-2017 23:37:48 UTC] PHP   3. WP_Hook->do_action() /home/ubuntu/workspace/wp-includes/plugin.php:453
[26-Jul-2017 23:37:48 UTC] PHP   4. WP_Hook->apply_filters() /home/ubuntu/workspace/wp-includes/class-wp-hook.php:323
[26-Jul-2017 23:37:48 UTC] PHP   5. call_user_func_array:{/home/ubuntu/workspace/wp-includes/class-wp-hook.php:298}() /home/ubuntu/workspace/wp-includes/class-wp-hook.php:298
[26-Jul-2017 23:37:48 UTC] PHP   6. wp_ajax_save_widget() /home/ubuntu/workspace/wp-includes/class-wp-hook.php:298
[26-Jul-2017 23:37:48 UTC] PHP   7. call_user_func_array:{/home/ubuntu/workspace/wp-admin/includes/ajax-actions.php:1977}() /home/ubuntu/workspace/wp-admin/includes/ajax-actions.php:1977
[26-Jul-2017 23:37:48 UTC] PHP   8. WP_Widget->update_callback() /home/ubuntu/workspace/wp-admin/includes/ajax-actions.php:1977
[26-Jul-2017 23:37:48 UTC] PHP   9. GoogleMapsWidget->update() /home/ubuntu/workspace/wp-includes/class-wp-widget.php:456
[26-Jul-2017 23:38:42 UTC] PHP Notice:  Undefined index: thumb_pin_color in /home/ubuntu/workspace/wp-content/plugins/google-maps-widget/gmw-widget.php on line 387
[26-Jul-2017 23:38:42 UTC] PHP Stack trace:
[26-Jul-2017 23:38:42 UTC] PHP   1. {main}() /home/ubuntu/workspace/wp-admin/admin-ajax.php:0
[26-Jul-2017 23:38:42 UTC] PHP   2. do_action() /home/ubuntu/workspace/wp-admin/admin-ajax.php:91
[26-Jul-2017 23:38:42 UTC] PHP   3. WP_Hook->do_action() /home/ubuntu/workspace/wp-includes/plugin.php:453
[26-Jul-2017 23:38:42 UTC] PHP   4. WP_Hook->apply_filters() /home/ubuntu/workspace/wp-includes/class-wp-hook.php:323
[26-Jul-2017 23:38:42 UTC] PHP   5. call_user_func_array:{/home/ubuntu/workspace/wp-includes/class-wp-hook.php:298}() /home/ubuntu/workspace/wp-includes/class-wp-hook.php:298
[26-Jul-2017 23:38:42 UTC] PHP   6. wp_ajax_save_widget() /home/ubuntu/workspace/wp-includes/class-wp-hook.php:298
[26-Jul-2017 23:38:42 UTC] PHP   7. call_user_func_array:{/home/ubuntu/workspace/wp-admin/includes/ajax-actions.php:1977}() /home/ubuntu/workspace/wp-admin/includes/ajax-actions.php:1977
[26-Jul-2017 23:38:42 UTC] PHP   8. WP_Widget->update_callback() /home/ubuntu/workspace/wp-admin/includes/ajax-actions.php:1977
[26-Jul-2017 23:38:42 UTC] PHP   9. GoogleMapsWidget->update() /home/ubuntu/workspace/wp-includes/class-wp-widget.php:456
[26-Jul-2017 23:41:17 UTC] PHP Notice:  Undefined index: thumb_pin_color in /home/ubuntu/workspace/wp-content/plugins/google-maps-widget/gmw-widget.php on line 387
[26-Jul-2017 23:41:17 UTC] PHP Stack trace:
[26-Jul-2017 23:41:17 UTC] PHP   1. {main}() /home/ubuntu/workspace/wp-admin/admin-ajax.php:0
[26-Jul-2017 23:41:17 UTC] PHP   2. do_action() /home/ubuntu/workspace/wp-admin/admin-ajax.php:91
[26-Jul-2017 23:41:17 UTC] PHP   3. WP_Hook->do_action() /home/ubuntu/workspace/wp-includes/plugin.php:453
[26-Jul-2017 23:41:17 UTC] PHP   4. WP_Hook->apply_filters() /home/ubuntu/workspace/wp-includes/class-wp-hook.php:323
[26-Jul-2017 23:41:17 UTC] PHP   5. call_user_func_array:{/home/ubuntu/workspace/wp-includes/class-wp-hook.php:298}() /home/ubuntu/workspace/wp-includes/class-wp-hook.php:298
[26-Jul-2017 23:41:17 UTC] PHP   6. wp_ajax_save_widget() /home/ubuntu/workspace/wp-includes/class-wp-hook.php:298
[26-Jul-2017 23:41:17 UTC] PHP   7. call_user_func_array:{/home/ubuntu/workspace/wp-admin/includes/ajax-actions.php:1977}() /home/ubuntu/workspace/wp-admin/includes/ajax-actions.php:1977
[26-Jul-2017 23:41:17 UTC] PHP   8. WP_Widget->update_callback() /home/ubuntu/workspace/wp-admin/includes/ajax-actions.php:1977
[26-Jul-2017 23:41:17 UTC] PHP   9. GoogleMapsWidget->update() /home/ubuntu/workspace/wp-includes/class-wp-widget.php:456
[26-Jul-2017 23:45:48 UTC] PHP Notice:  Undefined index: thumb_pin_color in /home/ubuntu/workspace/wp-content/plugins/google-maps-widget/gmw-widget.php on line 387
[26-Jul-2017 23:45:48 UTC] PHP Stack trace:
[26-Jul-2017 23:45:48 UTC] PHP   1. {main}() /home/ubuntu/workspace/wp-admin/admin-ajax.php:0
[26-Jul-2017 23:45:48 UTC] PHP   2. do_action() /home/ubuntu/workspace/wp-admin/admin-ajax.php:91
[26-Jul-2017 23:45:48 UTC] PHP   3. WP_Hook->do_action() /home/ubuntu/workspace/wp-includes/plugin.php:453
[26-Jul-2017 23:45:48 UTC] PHP   4. WP_Hook->apply_filters() /home/ubuntu/workspace/wp-includes/class-wp-hook.php:323
[26-Jul-2017 23:45:48 UTC] PHP   5. call_user_func_array:{/home/ubuntu/workspace/wp-includes/class-wp-hook.php:298}() /home/ubuntu/workspace/wp-includes/class-wp-hook.php:298
[26-Jul-2017 23:45:48 UTC] PHP   6. wp_ajax_save_widget() /home/ubuntu/workspace/wp-includes/class-wp-hook.php:298
[26-Jul-2017 23:45:48 UTC] PHP   7. call_user_func_array:{/home/ubuntu/workspace/wp-admin/includes/ajax-actions.php:1977}() /home/ubuntu/workspace/wp-admin/includes/ajax-actions.php:1977
[26-Jul-2017 23:45:48 UTC] PHP   8. WP_Widget->update_callback() /home/ubuntu/workspace/wp-admin/includes/ajax-actions.php:1977
[26-Jul-2017 23:45:48 UTC] PHP   9. GoogleMapsWidget->update() /home/ubuntu/workspace/wp-includes/class-wp-widget.php:456
[26-Jul-2017 23:45:53 UTC] PHP Notice:  Undefined index: thumb_pin_color in /home/ubuntu/workspace/wp-content/plugins/google-maps-widget/gmw-widget.php on line 387
[26-Jul-2017 23:45:53 UTC] PHP Stack trace:
[26-Jul-2017 23:45:53 UTC] PHP   1. {main}() /home/ubuntu/workspace/wp-admin/admin-ajax.php:0
[26-Jul-2017 23:45:53 UTC] PHP   2. do_action() /home/ubuntu/workspace/wp-admin/admin-ajax.php:91
[26-Jul-2017 23:45:53 UTC] PHP   3. WP_Hook->do_action() /home/ubuntu/workspace/wp-includes/plugin.php:453
[26-Jul-2017 23:45:53 UTC] PHP   4. WP_Hook->apply_filters() /home/ubuntu/workspace/wp-includes/class-wp-hook.php:323
[26-Jul-2017 23:45:53 UTC] PHP   5. call_user_func_array:{/home/ubuntu/workspace/wp-includes/class-wp-hook.php:298}() /home/ubuntu/workspace/wp-includes/class-wp-hook.php:298
[26-Jul-2017 23:45:53 UTC] PHP   6. wp_ajax_save_widget() /home/ubuntu/workspace/wp-includes/class-wp-hook.php:298
[26-Jul-2017 23:45:53 UTC] PHP   7. call_user_func_array:{/home/ubuntu/workspace/wp-admin/includes/ajax-actions.php:1977}() /home/ubuntu/workspace/wp-admin/includes/ajax-actions.php:1977
[26-Jul-2017 23:45:53 UTC] PHP   8. WP_Widget->update_callback() /home/ubuntu/workspace/wp-admin/includes/ajax-actions.php:1977
[26-Jul-2017 23:45:53 UTC] PHP   9. GoogleMapsWidget->update() /home/ubuntu/workspace/wp-includes/class-wp-widget.php:456
[26-Jul-2017 23:50:52 UTC] PHP Notice:  Undefined index: thumb_pin_color in /home/ubuntu/workspace/wp-content/plugins/google-maps-widget/gmw-widget.php on line 387
[26-Jul-2017 23:50:52 UTC] PHP Stack trace:
[26-Jul-2017 23:50:52 UTC] PHP   1. {main}() /home/ubuntu/workspace/wp-admin/admin-ajax.php:0
[26-Jul-2017 23:50:52 UTC] PHP   2. do_action() /home/ubuntu/workspace/wp-admin/admin-ajax.php:91
[26-Jul-2017 23:50:52 UTC] PHP   3. WP_Hook->do_action() /home/ubuntu/workspace/wp-includes/plugin.php:453
[26-Jul-2017 23:50:52 UTC] PHP   4. WP_Hook->apply_filters() /home/ubuntu/workspace/wp-includes/class-wp-hook.php:323
[26-Jul-2017 23:50:52 UTC] PHP   5. call_user_func_array:{/home/ubuntu/workspace/wp-includes/class-wp-hook.php:298}() /home/ubuntu/workspace/wp-includes/class-wp-hook.php:298
[26-Jul-2017 23:50:52 UTC] PHP   6. wp_ajax_save_widget() /home/ubuntu/workspace/wp-includes/class-wp-hook.php:298
[26-Jul-2017 23:50:52 UTC] PHP   7. call_user_func_array:{/home/ubuntu/workspace/wp-admin/includes/ajax-actions.php:1977}() /home/ubuntu/workspace/wp-admin/includes/ajax-actions.php:1977
[26-Jul-2017 23:50:52 UTC] PHP   8. WP_Widget->update_callback() /home/ubuntu/workspace/wp-admin/includes/ajax-actions.php:1977
[26-Jul-2017 23:50:52 UTC] PHP   9. GoogleMapsWidget->update() /home/ubuntu/workspace/wp-includes/class-wp-widget.php:456
[26-Jul-2017 23:51:10 UTC] PHP Notice:  Undefined index: thumb_pin_color in /home/ubuntu/workspace/wp-content/plugins/google-maps-widget/gmw-widget.php on line 387
[26-Jul-2017 23:51:10 UTC] PHP Stack trace:
[26-Jul-2017 23:51:10 UTC] PHP   1. {main}() /home/ubuntu/workspace/wp-admin/admin-ajax.php:0
[26-Jul-2017 23:51:10 UTC] PHP   2. do_action() /home/ubuntu/workspace/wp-admin/admin-ajax.php:91
[26-Jul-2017 23:51:10 UTC] PHP   3. WP_Hook->do_action() /home/ubuntu/workspace/wp-includes/plugin.php:453
[26-Jul-2017 23:51:10 UTC] PHP   4. WP_Hook->apply_filters() /home/ubuntu/workspace/wp-includes/class-wp-hook.php:323
[26-Jul-2017 23:51:10 UTC] PHP   5. call_user_func_array:{/home/ubuntu/workspace/wp-includes/class-wp-hook.php:298}() /home/ubuntu/workspace/wp-includes/class-wp-hook.php:298
[26-Jul-2017 23:51:10 UTC] PHP   6. wp_ajax_save_widget() /home/ubuntu/workspace/wp-includes/class-wp-hook.php:298
[26-Jul-2017 23:51:10 UTC] PHP   7. call_user_func_array:{/home/ubuntu/workspace/wp-admin/includes/ajax-actions.php:1977}() /home/ubuntu/workspace/wp-admin/includes/ajax-actions.php:1977
[26-Jul-2017 23:51:10 UTC] PHP   8. WP_Widget->update_callback() /home/ubuntu/workspace/wp-admin/includes/ajax-actions.php:1977
[26-Jul-2017 23:51:10 UTC] PHP   9. GoogleMapsWidget->update() /home/ubuntu/workspace/wp-includes/class-wp-widget.php:456
[31-Jul-2017 14:02:41 UTC] PHP Warning:  require_once(wp_bootstrap_navwalker.php): failed to open stream: No such file or directory in /home/ubuntu/workspace/wp-content/themes/dyeinstyle/functions.php on line 256
[31-Jul-2017 14:02:41 UTC] PHP Stack trace:
[31-Jul-2017 14:02:41 UTC] PHP   1. {main}() /home/ubuntu/workspace/wp-admin/admin-ajax.php:0
[31-Jul-2017 14:02:41 UTC] PHP   2. require_once() /home/ubuntu/workspace/wp-admin/admin-ajax.php:22
[31-Jul-2017 14:02:41 UTC] PHP   3. require_once() /home/ubuntu/workspace/wp-load.php:37
[31-Jul-2017 14:02:41 UTC] PHP   4. require_once() /home/ubuntu/workspace/wp-config.php:92
[31-Jul-2017 14:02:41 UTC] PHP   5. include() /home/ubuntu/workspace/wp-settings.php:424
[31-Jul-2017 14:02:41 UTC] PHP Fatal error:  require_once(): Failed opening required 'wp_bootstrap_navwalker.php' (include_path='.:/usr/share/php:/usr/share/pear') in /home/ubuntu/workspace/wp-content/themes/dyeinstyle/functions.php on line 256
[31-Jul-2017 14:02:41 UTC] PHP Stack trace:
[31-Jul-2017 14:02:41 UTC] PHP   1. {main}() /home/ubuntu/workspace/wp-admin/admin-ajax.php:0
[31-Jul-2017 14:02:41 UTC] PHP   2. require_once() /home/ubuntu/workspace/wp-admin/admin-ajax.php:22
[31-Jul-2017 14:02:41 UTC] PHP   3. require_once() /home/ubuntu/workspace/wp-load.php:37
[31-Jul-2017 14:02:41 UTC] PHP   4. require_once() /home/ubuntu/workspace/wp-config.php:92
[31-Jul-2017 14:02:41 UTC] PHP   5. include() /home/ubuntu/workspace/wp-settings.php:424
[31-Jul-2017 14:10:41 UTC] PHP Warning:  require_once(wp_bootstrap_navwalker.php): failed to open stream: No such file or directory in /home/ubuntu/workspace/wp-content/themes/dyeinstyle/functions.php on line 256
[31-Jul-2017 14:10:41 UTC] PHP Stack trace:
[31-Jul-2017 14:10:41 UTC] PHP   1. {main}() /home/ubuntu/workspace/wp-admin/admin-ajax.php:0
[31-Jul-2017 14:10:41 UTC] PHP   2. require_once() /home/ubuntu/workspace/wp-admin/admin-ajax.php:22
[31-Jul-2017 14:10:41 UTC] PHP   3. require_once() /home/ubuntu/workspace/wp-load.php:37
[31-Jul-2017 14:10:41 UTC] PHP   4. require_once() /home/ubuntu/workspace/wp-config.php:92
[31-Jul-2017 14:10:41 UTC] PHP   5. include() /home/ubuntu/workspace/wp-settings.php:424
[31-Jul-2017 14:10:41 UTC] PHP Fatal error:  require_once(): Failed opening required 'wp_bootstrap_navwalker.php' (include_path='.:/usr/share/php:/usr/share/pear') in /home/ubuntu/workspace/wp-content/themes/dyeinstyle/functions.php on line 256
[31-Jul-2017 14:10:41 UTC] PHP Stack trace:
[31-Jul-2017 14:10:41 UTC] PHP   1. {main}() /home/ubuntu/workspace/wp-admin/admin-ajax.php:0
[31-Jul-2017 14:10:41 UTC] PHP   2. require_once() /home/ubuntu/workspace/wp-admin/admin-ajax.php:22
[31-Jul-2017 14:10:41 UTC] PHP   3. require_once() /home/ubuntu/workspace/wp-load.php:37
[31-Jul-2017 14:10:41 UTC] PHP   4. require_once() /home/ubuntu/workspace/wp-config.php:92
[31-Jul-2017 14:10:41 UTC] PHP   5. include() /home/ubuntu/workspace/wp-settings.php:424
[31-Jul-2017 14:11:41 UTC] PHP Warning:  require_once(wp_bootstrap_navwalker.php): failed to open stream: No such file or directory in /home/ubuntu/workspace/wp-content/themes/dyeinstyle/functions.php on line 256
[31-Jul-2017 14:11:41 UTC] PHP Stack trace:
[31-Jul-2017 14:11:41 UTC] PHP   1. {main}() /home/ubuntu/workspace/wp-admin/admin-ajax.php:0
[31-Jul-2017 14:11:41 UTC] PHP   2. require_once() /home/ubuntu/workspace/wp-admin/admin-ajax.php:22
[31-Jul-2017 14:11:41 UTC] PHP   3. require_once() /home/ubuntu/workspace/wp-load.php:37
[31-Jul-2017 14:11:41 UTC] PHP   4. require_once() /home/ubuntu/workspace/wp-config.php:92
[31-Jul-2017 14:11:41 UTC] PHP   5. include() /home/ubuntu/workspace/wp-settings.php:424
[31-Jul-2017 14:11:41 UTC] PHP Fatal error:  require_once(): Failed opening required 'wp_bootstrap_navwalker.php' (include_path='.:/usr/share/php:/usr/share/pear') in /home/ubuntu/workspace/wp-content/themes/dyeinstyle/functions.php on line 256
[31-Jul-2017 14:11:41 UTC] PHP Stack trace:
[31-Jul-2017 14:11:41 UTC] PHP   1. {main}() /home/ubuntu/workspace/wp-admin/admin-ajax.php:0
[31-Jul-2017 14:11:41 UTC] PHP   2. require_once() /home/ubuntu/workspace/wp-admin/admin-ajax.php:22
[31-Jul-2017 14:11:41 UTC] PHP   3. require_once() /home/ubuntu/workspace/wp-load.php:37
[31-Jul-2017 14:11:41 UTC] PHP   4. require_once() /home/ubuntu/workspace/wp-config.php:92
[31-Jul-2017 14:11:41 UTC] PHP   5. include() /home/ubuntu/workspace/wp-settings.php:424
[31-Jul-2017 14:13:42 UTC] PHP Warning:  require_once(/inc/wp_bootstrap_navwalker.php): failed to open stream: No such file or directory in /home/ubuntu/workspace/wp-content/themes/dyeinstyle/functions.php on line 256
[31-Jul-2017 14:13:42 UTC] PHP Stack trace:
[31-Jul-2017 14:13:42 UTC] PHP   1. {main}() /home/ubuntu/workspace/wp-admin/admin-ajax.php:0
[31-Jul-2017 14:13:42 UTC] PHP   2. require_once() /home/ubuntu/workspace/wp-admin/admin-ajax.php:22
[31-Jul-2017 14:13:42 UTC] PHP   3. require_once() /home/ubuntu/workspace/wp-load.php:37
[31-Jul-2017 14:13:42 UTC] PHP   4. require_once() /home/ubuntu/workspace/wp-config.php:92
[31-Jul-2017 14:13:42 UTC] PHP   5. include() /home/ubuntu/workspace/wp-settings.php:424
[31-Jul-2017 14:13:42 UTC] PHP Fatal error:  require_once(): Failed opening required '/inc/wp_bootstrap_navwalker.php' (include_path='.:/usr/share/php:/usr/share/pear') in /home/ubuntu/workspace/wp-content/themes/dyeinstyle/functions.php on line 256
[31-Jul-2017 14:13:42 UTC] PHP Stack trace:
[31-Jul-2017 14:13:42 UTC] PHP   1. {main}() /home/ubuntu/workspace/wp-admin/admin-ajax.php:0
[31-Jul-2017 14:13:42 UTC] PHP   2. require_once() /home/ubuntu/workspace/wp-admin/admin-ajax.php:22
[31-Jul-2017 14:13:42 UTC] PHP   3. require_once() /home/ubuntu/workspace/wp-load.php:37
[31-Jul-2017 14:13:42 UTC] PHP   4. require_once() /home/ubuntu/workspace/wp-config.php:92
[31-Jul-2017 14:13:42 UTC] PHP   5. include() /home/ubuntu/workspace/wp-settings.php:424
[31-Jul-2017 14:15:44 UTC] PHP Warning:  require_once(/inc/wp_bootstrap_navwalker.php): failed to open stream: No such file or directory in /home/ubuntu/workspace/wp-content/themes/dyeinstyle/functions.php on line 256
[31-Jul-2017 14:15:44 UTC] PHP Stack trace:
[31-Jul-2017 14:15:44 UTC] PHP   1. {main}() /home/ubuntu/workspace/wp-admin/admin-ajax.php:0
[31-Jul-2017 14:15:44 UTC] PHP   2. require_once() /home/ubuntu/workspace/wp-admin/admin-ajax.php:22
[31-Jul-2017 14:15:44 UTC] PHP   3. require_once() /home/ubuntu/workspace/wp-load.php:37
[31-Jul-2017 14:15:44 UTC] PHP   4. require_once() /home/ubuntu/workspace/wp-config.php:92
[31-Jul-2017 14:15:44 UTC] PHP   5. include() /home/ubuntu/workspace/wp-settings.php:424
[31-Jul-2017 14:15:44 UTC] PHP Fatal error:  require_once(): Failed opening required '/inc/wp_bootstrap_navwalker.php' (include_path='.:/usr/share/php:/usr/share/pear') in /home/ubuntu/workspace/wp-content/themes/dyeinstyle/functions.php on line 256
[31-Jul-2017 14:15:44 UTC] PHP Stack trace:
[31-Jul-2017 14:15:44 UTC] PHP   1. {main}() /home/ubuntu/workspace/wp-admin/admin-ajax.php:0
[31-Jul-2017 14:15:44 UTC] PHP   2. require_once() /home/ubuntu/workspace/wp-admin/admin-ajax.php:22
[31-Jul-2017 14:15:44 UTC] PHP   3. require_once() /home/ubuntu/workspace/wp-load.php:37
[31-Jul-2017 14:15:44 UTC] PHP   4. require_once() /home/ubuntu/workspace/wp-config.php:92
[31-Jul-2017 14:15:44 UTC] PHP   5. include() /home/ubuntu/workspace/wp-settings.php:424
[31-Jul-2017 14:17:45 UTC] PHP Warning:  require_once(/inc/wp_bootstrap_navwalker.php): failed to open stream: No such file or directory in /home/ubuntu/workspace/wp-content/themes/dyeinstyle/functions.php on line 256
[31-Jul-2017 14:17:45 UTC] PHP Stack trace:
[31-Jul-2017 14:17:45 UTC] PHP   1. {main}() /home/ubuntu/workspace/wp-admin/admin-ajax.php:0
[31-Jul-2017 14:17:45 UTC] PHP   2. require_once() /home/ubuntu/workspace/wp-admin/admin-ajax.php:22
[31-Jul-2017 14:17:45 UTC] PHP   3. require_once() /home/ubuntu/workspace/wp-load.php:37
[31-Jul-2017 14:17:45 UTC] PHP   4. require_once() /home/ubuntu/workspace/wp-config.php:92
[31-Jul-2017 14:17:45 UTC] PHP   5. include() /home/ubuntu/workspace/wp-settings.php:424
[31-Jul-2017 14:17:45 UTC] PHP Fatal error:  require_once(): Failed opening required '/inc/wp_bootstrap_navwalker.php' (include_path='.:/usr/share/php:/usr/share/pear') in /home/ubuntu/workspace/wp-content/themes/dyeinstyle/functions.php on line 256
[31-Jul-2017 14:17:45 UTC] PHP Stack trace:
[31-Jul-2017 14:17:45 UTC] PHP   1. {main}() /home/ubuntu/workspace/wp-admin/admin-ajax.php:0
[31-Jul-2017 14:17:45 UTC] PHP   2. require_once() /home/ubuntu/workspace/wp-admin/admin-ajax.php:22
[31-Jul-2017 14:17:45 UTC] PHP   3. require_once() /home/ubuntu/workspace/wp-load.php:37
[31-Jul-2017 14:17:45 UTC] PHP   4. require_once() /home/ubuntu/workspace/wp-config.php:92
[31-Jul-2017 14:17:45 UTC] PHP   5. include() /home/ubuntu/workspace/wp-settings.php:424
[31-Jul-2017 14:19:45 UTC] PHP Warning:  require_once(/inc/wp_bootstrap_navwalker.php): failed to open stream: No such file or directory in /home/ubuntu/workspace/wp-content/themes/dyeinstyle/functions.php on line 256
[31-Jul-2017 14:19:45 UTC] PHP Stack trace:
[31-Jul-2017 14:19:45 UTC] PHP   1. {main}() /home/ubuntu/workspace/wp-admin/admin-ajax.php:0
[31-Jul-2017 14:19:45 UTC] PHP   2. require_once() /home/ubuntu/workspace/wp-admin/admin-ajax.php:22
[31-Jul-2017 14:19:45 UTC] PHP   3. require_once() /home/ubuntu/workspace/wp-load.php:37
[31-Jul-2017 14:19:45 UTC] PHP   4. require_once() /home/ubuntu/workspace/wp-config.php:92
[31-Jul-2017 14:19:45 UTC] PHP   5. include() /home/ubuntu/workspace/wp-settings.php:424
[31-Jul-2017 14:19:45 UTC] PHP Fatal error:  require_once(): Failed opening required '/inc/wp_bootstrap_navwalker.php' (include_path='.:/usr/share/php:/usr/share/pear') in /home/ubuntu/workspace/wp-content/themes/dyeinstyle/functions.php on line 256
[31-Jul-2017 14:19:45 UTC] PHP Stack trace:
[31-Jul-2017 14:19:45 UTC] PHP   1. {main}() /home/ubuntu/workspace/wp-admin/admin-ajax.php:0
[31-Jul-2017 14:19:45 UTC] PHP   2. require_once() /home/ubuntu/workspace/wp-admin/admin-ajax.php:22
[31-Jul-2017 14:19:45 UTC] PHP   3. require_once() /home/ubuntu/workspace/wp-load.php:37
[31-Jul-2017 14:19:45 UTC] PHP   4. require_once() /home/ubuntu/workspace/wp-config.php:92
[31-Jul-2017 14:19:45 UTC] PHP   5. include() /home/ubuntu/workspace/wp-settings.php:424
[31-Jul-2017 14:20:45 UTC] PHP Warning:  require_once(/inc/wp_bootstrap_navwalker.php): failed to open stream: No such file or directory in /home/ubuntu/workspace/wp-content/themes/dyeinstyle/functions.php on line 256
[31-Jul-2017 14:20:45 UTC] PHP Stack trace:
[31-Jul-2017 14:20:45 UTC] PHP   1. {main}() /home/ubuntu/workspace/wp-admin/admin-ajax.php:0
[31-Jul-2017 14:20:45 UTC] PHP   2. require_once() /home/ubuntu/workspace/wp-admin/admin-ajax.php:22
[31-Jul-2017 14:20:45 UTC] PHP   3. require_once() /home/ubuntu/workspace/wp-load.php:37
[31-Jul-2017 14:20:45 UTC] PHP   4. require_once() /home/ubuntu/workspace/wp-config.php:92
[31-Jul-2017 14:20:45 UTC] PHP   5. include() /home/ubuntu/workspace/wp-settings.php:424
[31-Jul-2017 14:20:45 UTC] PHP Fatal error:  require_once(): Failed opening required '/inc/wp_bootstrap_navwalker.php' (include_path='.:/usr/share/php:/usr/share/pear') in /home/ubuntu/workspace/wp-content/themes/dyeinstyle/functions.php on line 256
[31-Jul-2017 14:20:45 UTC] PHP Stack trace:
[31-Jul-2017 14:20:45 UTC] PHP   1. {main}() /home/ubuntu/workspace/wp-admin/admin-ajax.php:0
[31-Jul-2017 14:20:45 UTC] PHP   2. require_once() /home/ubuntu/workspace/wp-admin/admin-ajax.php:22
[31-Jul-2017 14:20:45 UTC] PHP   3. require_once() /home/ubuntu/workspace/wp-load.php:37
[31-Jul-2017 14:20:45 UTC] PHP   4. require_once() /home/ubuntu/workspace/wp-config.php:92
[31-Jul-2017 14:20:45 UTC] PHP   5. include() /home/ubuntu/workspace/wp-settings.php:424
[31-Jul-2017 14:21:46 UTC] PHP Warning:  require_once(/inc/wp_bootstrap_navwalker.php): failed to open stream: No such file or directory in /home/ubuntu/workspace/wp-content/themes/dyeinstyle/functions.php on line 256
[31-Jul-2017 14:21:46 UTC] PHP Stack trace:
[31-Jul-2017 14:21:46 UTC] PHP   1. {main}() /home/ubuntu/workspace/wp-admin/admin-ajax.php:0
[31-Jul-2017 14:21:46 UTC] PHP   2. require_once() /home/ubuntu/workspace/wp-admin/admin-ajax.php:22
[31-Jul-2017 14:21:46 UTC] PHP   3. require_once() /home/ubuntu/workspace/wp-load.php:37
[31-Jul-2017 14:21:46 UTC] PHP   4. require_once() /home/ubuntu/workspace/wp-config.php:92
[31-Jul-2017 14:21:46 UTC] PHP   5. include() /home/ubuntu/workspace/wp-settings.php:424
[31-Jul-2017 14:21:46 UTC] PHP Fatal error:  require_once(): Failed opening required '/inc/wp_bootstrap_navwalker.php' (include_path='.:/usr/share/php:/usr/share/pear') in /home/ubuntu/workspace/wp-content/themes/dyeinstyle/functions.php on line 256
[31-Jul-2017 14:21:46 UTC] PHP Stack trace:
[31-Jul-2017 14:21:46 UTC] PHP   1. {main}() /home/ubuntu/workspace/wp-admin/admin-ajax.php:0
[31-Jul-2017 14:21:46 UTC] PHP   2. require_once() /home/ubuntu/workspace/wp-admin/admin-ajax.php:22
[31-Jul-2017 14:21:46 UTC] PHP   3. require_once() /home/ubuntu/workspace/wp-load.php:37
[31-Jul-2017 14:21:46 UTC] PHP   4. require_once() /home/ubuntu/workspace/wp-config.php:92
[31-Jul-2017 14:21:46 UTC] PHP   5. include() /home/ubuntu/workspace/wp-settings.php:424
